{"D:\\It\\уби\\Продвинутый Frontend\\-Frontent\\-Frontent\\config\\jest\\jestEmptyComponent.tsx": {"path":"D:\\It\\уби\\Продвинутый Frontend\\-Frontent\\-Frontent\\config\\jest\\jestEmptyComponent.tsx","statementMap":{"0":{"start":{"line":1,"column":27},"end":{"line":3,"column":1}},"1":{"start":{"line":2,"column":2},"end":{"line":2,"column":17}}},"fnMap":{"0":{"name":"(anonymous_0)","decl":{"start":{"line":1,"column":27},"end":{"line":1,"column":28}},"loc":{"start":{"line":1,"column":39},"end":{"line":3,"column":1}},"line":1}},"branchMap":{},"s":{"0":1,"1":3},"f":{"0":3},"b":{},"_coverageSchema":"1a1c01bbd47fc00a2c39e90264f33305004495a9","hash":"a3cc1a912344af839e126fbdb1de2feaa14d12f4"}
,"D:\\It\\уби\\Продвинутый Frontend\\-Frontent\\-Frontent\\src\\app\\providers\\ThemeProvider\\index.ts": {"path":"D:\\It\\уби\\Продвинутый Frontend\\-Frontent\\-Frontent\\src\\app\\providers\\ThemeProvider\\index.ts","statementMap":{},"fnMap":{},"branchMap":{},"s":{},"f":{},"b":{},"_coverageSchema":"1a1c01bbd47fc00a2c39e90264f33305004495a9","hash":"71e9d221b9d629a849136c74010cfef4d74bae5d"}
,"D:\\It\\уби\\Продвинутый Frontend\\-Frontent\\-Frontent\\src\\app\\providers\\ThemeProvider\\lib\\ThemContext.ts": {"path":"D:\\It\\уби\\Продвинутый Frontend\\-Frontent\\-Frontent\\src\\app\\providers\\ThemeProvider\\lib\\ThemContext.ts","statementMap":{"0":{"start":{"line":13,"column":28},"end":{"line":13,"column":64}},"1":{"start":{"line":15,"column":39},"end":{"line":15,"column":46}}},"fnMap":{},"branchMap":{},"s":{"0":1,"1":1},"f":{},"b":{},"_coverageSchema":"1a1c01bbd47fc00a2c39e90264f33305004495a9","hash":"9aecac9d1c631fd00f491ea73695eaf933f6c507"}
,"D:\\It\\уби\\Продвинутый Frontend\\-Frontent\\-Frontent\\src\\app\\providers\\ThemeProvider\\lib\\useTheme.tsx": {"path":"D:\\It\\уби\\Продвинутый Frontend\\-Frontent\\-Frontent\\src\\app\\providers\\ThemeProvider\\lib\\useTheme.tsx","statementMap":{"0":{"start":{"line":14,"column":18},"end":{"line":14,"column":42}},"1":{"start":{"line":16,"column":2},"end":{"line":18,"column":3}},"2":{"start":{"line":17,"column":4},"end":{"line":17,"column":52}},"3":{"start":{"line":20,"column":30},"end":{"line":20,"column":37}},"4":{"start":{"line":22,"column":22},"end":{"line":27,"column":3}},"5":{"start":{"line":23,"column":21},"end":{"line":23,"column":68}},"6":{"start":{"line":25,"column":4},"end":{"line":25,"column":23}},"7":{"start":{"line":26,"column":4},"end":{"line":26,"column":60}},"8":{"start":{"line":28,"column":2},"end":{"line":28,"column":32}}},"fnMap":{"0":{"name":"useTheme","decl":{"start":{"line":13,"column":16},"end":{"line":13,"column":24}},"loc":{"start":{"line":13,"column":43},"end":{"line":29,"column":1}},"line":13},"1":{"name":"(anonymous_1)","decl":{"start":{"line":22,"column":22},"end":{"line":22,"column":23}},"loc":{"start":{"line":22,"column":28},"end":{"line":27,"column":3}},"line":22}},"branchMap":{"0":{"loc":{"start":{"line":16,"column":2},"end":{"line":18,"column":3}},"type":"if","locations":[{"start":{"line":16,"column":2},"end":{"line":18,"column":3}},{"start":{},"end":{}}],"line":16},"1":{"loc":{"start":{"line":16,"column":6},"end":{"line":16,"column":41}},"type":"binary-expr","locations":[{"start":{"line":16,"column":6},"end":{"line":16,"column":20}},{"start":{"line":16,"column":24},"end":{"line":16,"column":41}}],"line":16},"2":{"loc":{"start":{"line":23,"column":21},"end":{"line":23,"column":68}},"type":"cond-expr","locations":[{"start":{"line":23,"column":44},"end":{"line":23,"column":55}},{"start":{"line":23,"column":58},"end":{"line":23,"column":68}}],"line":23}},"s":{"0":3,"1":3,"2":0,"3":3,"4":3,"5":0,"6":0,"7":0,"8":3},"f":{"0":3,"1":0},"b":{"0":[0,3],"1":[3,3],"2":[0,0]},"_coverageSchema":"1a1c01bbd47fc00a2c39e90264f33305004495a9","hash":"26dad6262486a7d444530f80280c99a8647d89f9"}
,"D:\\It\\уби\\Продвинутый Frontend\\-Frontent\\-Frontent\\src\\app\\providers\\ThemeProvider\\ui\\ThemeProvider.tsx": {"path":"D:\\It\\уби\\Продвинутый Frontend\\-Frontent\\-Frontent\\src\\app\\providers\\ThemeProvider\\ui\\ThemeProvider.tsx","statementMap":{"0":{"start":{"line":5,"column":2},"end":{"line":5,"column":73}},"1":{"start":{"line":11,"column":46},"end":{"line":27,"column":1}},"2":{"start":{"line":12,"column":28},"end":{"line":12,"column":57}},"3":{"start":{"line":14,"column":23},"end":{"line":20,"column":3}},"4":{"start":{"line":15,"column":11},"end":{"line":18,"column":5}},"5":{"start":{"line":22,"column":2},"end":{"line":26,"column":4}}},"fnMap":{"0":{"name":"(anonymous_0)","decl":{"start":{"line":11,"column":46},"end":{"line":11,"column":47}},"loc":{"start":{"line":11,"column":64},"end":{"line":27,"column":1}},"line":11},"1":{"name":"(anonymous_1)","decl":{"start":{"line":15,"column":4},"end":{"line":15,"column":5}},"loc":{"start":{"line":15,"column":11},"end":{"line":18,"column":5}},"line":15}},"branchMap":{"0":{"loc":{"start":{"line":5,"column":2},"end":{"line":5,"column":73}},"type":"binary-expr","locations":[{"start":{"line":5,"column":3},"end":{"line":5,"column":57}},{"start":{"line":5,"column":62},"end":{"line":5,"column":73}}],"line":5}},"s":{"0":1,"1":1,"2":2,"3":2,"4":2,"5":2},"f":{"0":2,"1":2},"b":{"0":[1,1]},"_coverageSchema":"1a1c01bbd47fc00a2c39e90264f33305004495a9","hash":"92334871d5847bfa2b9bd1fa87355903ac598063"}
,"D:\\It\\уби\\Продвинутый Frontend\\-Frontent\\-Frontent\\src\\shared\\config\\i18n\\i18nForTests.ts": {"path":"D:\\It\\уби\\Продвинутый Frontend\\-Frontent\\-Frontent\\src\\shared\\config\\i18n\\i18nForTests.ts","statementMap":{"0":{"start":{"line":5,"column":21},"end":{"line":5,"column":42}},"1":{"start":{"line":7,"column":0},"end":{"line":19,"column":3}}},"fnMap":{},"branchMap":{},"s":{"0":1,"1":1},"f":{},"b":{},"_coverageSchema":"1a1c01bbd47fc00a2c39e90264f33305004495a9","hash":"c099e096c98839546c440aff2fb5bfc9ac6c83a7"}
,"D:\\It\\уби\\Продвинутый Frontend\\-Frontent\\-Frontent\\src\\shared\\lib\\classNames\\classNames.ts": {"path":"D:\\It\\уби\\Продвинутый Frontend\\-Frontent\\-Frontent\\src\\shared\\lib\\classNames\\classNames.ts","statementMap":{"0":{"start":{"line":8,"column":2},"end":{"line":14,"column":14}},"1":{"start":{"line":12,"column":29},"end":{"line":12,"column":43}},"2":{"start":{"line":13,"column":28},"end":{"line":13,"column":37}}},"fnMap":{"0":{"name":"classNames","decl":{"start":{"line":3,"column":16},"end":{"line":3,"column":26}},"loc":{"start":{"line":7,"column":10},"end":{"line":15,"column":1}},"line":7},"1":{"name":"(anonymous_1)","decl":{"start":{"line":12,"column":14},"end":{"line":12,"column":15}},"loc":{"start":{"line":12,"column":29},"end":{"line":12,"column":43}},"line":12},"2":{"name":"(anonymous_2)","decl":{"start":{"line":13,"column":11},"end":{"line":13,"column":12}},"loc":{"start":{"line":13,"column":28},"end":{"line":13,"column":37}},"line":13}},"branchMap":{"0":{"loc":{"start":{"line":5,"column":2},"end":{"line":5,"column":17}},"type":"default-arg","locations":[{"start":{"line":5,"column":15},"end":{"line":5,"column":17}}],"line":5},"1":{"loc":{"start":{"line":6,"column":2},"end":{"line":6,"column":27}},"type":"default-arg","locations":[{"start":{"line":6,"column":25},"end":{"line":6,"column":27}}],"line":6}},"s":{"0":19,"1":12,"2":10},"f":{"0":19,"1":12,"2":10},"b":{"0":[0],"1":[0]},"_coverageSchema":"1a1c01bbd47fc00a2c39e90264f33305004495a9","hash":"cc7bd6968f9b8c7d8e24e3e1fd04bab3782e0989"}
,"D:\\It\\уби\\Продвинутый Frontend\\-Frontent\\-Frontent\\src\\shared\\lib\\tests\\renderWithTranslation\\renderWithTranslation.tsx": {"path":"D:\\It\\уби\\Продвинутый Frontend\\-Frontent\\-Frontent\\src\\shared\\lib\\tests\\renderWithTranslation\\renderWithTranslation.tsx","statementMap":{"0":{"start":{"line":7,"column":37},"end":{"line":13,"column":1}},"1":{"start":{"line":8,"column":2},"end":{"line":12,"column":4}}},"fnMap":{"0":{"name":"(anonymous_0)","decl":{"start":{"line":7,"column":37},"end":{"line":7,"column":38}},"loc":{"start":{"line":7,"column":63},"end":{"line":13,"column":1}},"line":7}},"branchMap":{},"s":{"0":1,"1":2},"f":{"0":2},"b":{},"_coverageSchema":"1a1c01bbd47fc00a2c39e90264f33305004495a9","hash":"18a7a13ea7efec2eaa2ad12156bf883f4ed70199"}
,"D:\\It\\уби\\Продвинутый Frontend\\-Frontent\\-Frontent\\src\\shared\\ui\\Button\\Button.tsx": {"path":"D:\\It\\уби\\Продвинутый Frontend\\-Frontent\\-Frontent\\src\\shared\\ui\\Button\\Button.tsx","statementMap":{"0":{"start":{"line":14,"column":39},"end":{"line":26,"column":1}},"1":{"start":{"line":15,"column":76},"end":{"line":15,"column":81}},"2":{"start":{"line":17,"column":2},"end":{"line":25,"column":4}}},"fnMap":{"0":{"name":"(anonymous_0)","decl":{"start":{"line":14,"column":39},"end":{"line":14,"column":40}},"loc":{"start":{"line":14,"column":50},"end":{"line":26,"column":1}},"line":14}},"branchMap":{"0":{"loc":{"start":{"line":15,"column":31},"end":{"line":15,"column":56}},"type":"default-arg","locations":[{"start":{"line":15,"column":39},"end":{"line":15,"column":56}}],"line":15},"1":{"loc":{"start":{"line":19,"column":65},"end":{"line":19,"column":79}},"type":"binary-expr","locations":[{"start":{"line":19,"column":65},"end":{"line":19,"column":74}},{"start":{"line":19,"column":77},"end":{"line":19,"column":79}}],"line":19}},"s":{"0":1,"1":9,"2":9},"f":{"0":9},"b":{"0":[3],"1":[9,3]},"_coverageSchema":"1a1c01bbd47fc00a2c39e90264f33305004495a9","hash":"6f61c5a61b4acd82a3c1534dde01ee32df641139"}
,"D:\\It\\уби\\Продвинутый Frontend\\-Frontent\\-Frontent\\src\\shared\\ui\\LangSwitcher\\LangSwitcher.tsx": {"path":"D:\\It\\уби\\Продвинутый Frontend\\-Frontent\\-Frontent\\src\\shared\\ui\\LangSwitcher\\LangSwitcher.tsx","statementMap":{"0":{"start":{"line":10,"column":28},"end":{"line":26,"column":1}},"1":{"start":{"line":11,"column":22},"end":{"line":11,"column":38}},"2":{"start":{"line":13,"column":18},"end":{"line":15,"column":3}},"3":{"start":{"line":14,"column":4},"end":{"line":14,"column":62}},"4":{"start":{"line":17,"column":2},"end":{"line":25,"column":4}}},"fnMap":{"0":{"name":"(anonymous_0)","decl":{"start":{"line":10,"column":28},"end":{"line":10,"column":29}},"loc":{"start":{"line":10,"column":66},"end":{"line":26,"column":1}},"line":10},"1":{"name":"(anonymous_1)","decl":{"start":{"line":13,"column":18},"end":{"line":13,"column":19}},"loc":{"start":{"line":13,"column":24},"end":{"line":15,"column":3}},"line":13}},"branchMap":{"0":{"loc":{"start":{"line":14,"column":24},"end":{"line":14,"column":60}},"type":"cond-expr","locations":[{"start":{"line":14,"column":49},"end":{"line":14,"column":53}},{"start":{"line":14,"column":56},"end":{"line":14,"column":60}}],"line":14},"1":{"loc":{"start":{"line":19,"column":37},"end":{"line":19,"column":52}},"type":"binary-expr","locations":[{"start":{"line":19,"column":37},"end":{"line":19,"column":46}},{"start":{"line":19,"column":50},"end":{"line":19,"column":52}}],"line":19}},"s":{"0":1,"1":4,"2":4,"3":0,"4":4},"f":{"0":4,"1":0},"b":{"0":[0,0],"1":[4,0]},"_coverageSchema":"1a1c01bbd47fc00a2c39e90264f33305004495a9","hash":"ac3a64e49330b7b8dee429dc4b453f23593f861f"}
,"D:\\It\\уби\\Продвинутый Frontend\\-Frontent\\-Frontent\\src\\shared\\ui\\ThemeSwitcher\\index.ts": {"path":"D:\\It\\уби\\Продвинутый Frontend\\-Frontent\\-Frontent\\src\\shared\\ui\\ThemeSwitcher\\index.ts","statementMap":{},"fnMap":{},"branchMap":{},"s":{},"f":{},"b":{},"_coverageSchema":"1a1c01bbd47fc00a2c39e90264f33305004495a9","hash":"f51fccc048c8bc1e61beae3caa2fec3556c42695"}
,"D:\\It\\уби\\Продвинутый Frontend\\-Frontent\\-Frontent\\src\\shared\\ui\\ThemeSwitcher\\ui\\ThemeSwitcher.tsx": {"path":"D:\\It\\уби\\Продвинутый Frontend\\-Frontent\\-Frontent\\src\\shared\\ui\\ThemeSwitcher\\ui\\ThemeSwitcher.tsx","statementMap":{"0":{"start":{"line":13,"column":29},"end":{"line":25,"column":1}},"1":{"start":{"line":14,"column":33},"end":{"line":14,"column":43}},"2":{"start":{"line":16,"column":2},"end":{"line":24,"column":4}}},"fnMap":{"0":{"name":"(anonymous_0)","decl":{"start":{"line":13,"column":29},"end":{"line":13,"column":30}},"loc":{"start":{"line":13,"column":68},"end":{"line":25,"column":1}},"line":13}},"branchMap":{"0":{"loc":{"start":{"line":19,"column":37},"end":{"line":19,"column":51}},"type":"binary-expr","locations":[{"start":{"line":19,"column":37},"end":{"line":19,"column":46}},{"start":{"line":19,"column":49},"end":{"line":19,"column":51}}],"line":19},"1":{"loc":{"start":{"line":22,"column":7},"end":{"line":22,"column":79}},"type":"cond-expr","locations":[{"start":{"line":22,"column":30},"end":{"line":22,"column":65}},{"start":{"line":22,"column":68},"end":{"line":22,"column":79}}],"line":22}},"s":{"0":1,"1":3,"2":3},"f":{"0":3},"b":{"0":[3,3],"1":[0,3]},"_coverageSchema":"1a1c01bbd47fc00a2c39e90264f33305004495a9","hash":"6e96668d09a684564aa2f64169995cbd4c9994a1"}
,"D:\\It\\уби\\Продвинутый Frontend\\-Frontent\\-Frontent\\src\\widgets\\sideBar\\ui\\sideBar\\SideBar.tsx": {"path":"D:\\It\\уби\\Продвинутый Frontend\\-Frontent\\-Frontent\\src\\widgets\\sideBar\\ui\\sideBar\\SideBar.tsx","statementMap":{"0":{"start":{"line":12,"column":23},"end":{"line":34,"column":1}},"1":{"start":{"line":13,"column":36},"end":{"line":13,"column":51}},"2":{"start":{"line":14,"column":19},"end":{"line":16,"column":3}},"3":{"start":{"line":15,"column":4},"end":{"line":15,"column":34}},"4":{"start":{"line":15,"column":27},"end":{"line":15,"column":32}},"5":{"start":{"line":18,"column":2},"end":{"line":33,"column":4}}},"fnMap":{"0":{"name":"(anonymous_0)","decl":{"start":{"line":12,"column":23},"end":{"line":12,"column":24}},"loc":{"start":{"line":12,"column":56},"end":{"line":34,"column":1}},"line":12},"1":{"name":"(anonymous_1)","decl":{"start":{"line":14,"column":19},"end":{"line":14,"column":20}},"loc":{"start":{"line":14,"column":25},"end":{"line":16,"column":3}},"line":14},"2":{"name":"(anonymous_2)","decl":{"start":{"line":15,"column":17},"end":{"line":15,"column":18}},"loc":{"start":{"line":15,"column":27},"end":{"line":15,"column":32}},"line":15}},"branchMap":{"0":{"loc":{"start":{"line":22,"column":8},"end":{"line":22,"column":23}},"type":"binary-expr","locations":[{"start":{"line":22,"column":8},"end":{"line":22,"column":17}},{"start":{"line":22,"column":21},"end":{"line":22,"column":23}}],"line":22}},"s":{"0":1,"1":3,"2":3,"3":1,"4":1,"5":3},"f":{"0":3,"1":1,"2":1},"b":{"0":[3,3]},"_coverageSchema":"1a1c01bbd47fc00a2c39e90264f33305004495a9","hash":"86d5dad88ac95c20dd335113e4ea000eaa6a00d2"}
}
