TN:
SF:config\jest\jestEmptyComponent.tsx
FN:1,(anonymous_0)
FNF:1
FNH:1
FNDA:3,(anonymous_0)
DA:1,1
DA:2,3
LF:2
LH:2
BRF:0
BRH:0
end_of_record
TN:
SF:src\app\providers\ThemeProvider\index.ts
FNF:0
FNH:0
LF:0
LH:0
BRF:0
BRH:0
end_of_record
TN:
SF:src\app\providers\ThemeProvider\lib\ThemContext.ts
FNF:0
FNH:0
DA:13,1
DA:15,1
LF:2
LH:2
BRF:0
BRH:0
end_of_record
TN:
SF:src\app\providers\ThemeProvider\lib\useTheme.tsx
FN:13,useTheme
FN:22,(anonymous_1)
FNF:2
FNH:1
FNDA:3,useTheme
FNDA:0,(anonymous_1)
DA:14,3
DA:16,3
DA:17,0
DA:20,3
DA:22,3
DA:23,0
DA:25,0
DA:26,0
DA:28,3
LF:9
LH:5
BRDA:16,0,0,0
BRDA:16,0,1,3
BRDA:16,1,0,3
BRDA:16,1,1,3
BRDA:23,2,0,0
BRDA:23,2,1,0
BRF:6
BRH:3
end_of_record
TN:
SF:src\app\providers\ThemeProvider\ui\ThemeProvider.tsx
FN:11,(anonymous_0)
FN:15,(anonymous_1)
FNF:2
FNH:2
FNDA:2,(anonymous_0)
FNDA:2,(anonymous_1)
DA:5,1
DA:11,1
DA:12,2
DA:14,2
DA:15,2
DA:22,2
LF:6
LH:6
BRDA:5,0,0,1
BRDA:5,0,1,1
BRF:2
BRH:2
end_of_record
TN:
SF:src\shared\config\i18n\i18nForTests.ts
FNF:0
FNH:0
DA:5,1
DA:7,1
LF:2
LH:2
BRF:0
BRH:0
end_of_record
TN:
SF:src\shared\lib\classNames\classNames.ts
FN:3,classNames
FN:12,(anonymous_1)
FN:13,(anonymous_2)
FNF:3
FNH:3
FNDA:19,classNames
FNDA:12,(anonymous_1)
FNDA:10,(anonymous_2)
DA:8,19
DA:12,12
DA:13,10
LF:3
LH:3
BRDA:5,0,0,0
BRDA:6,1,0,0
BRF:2
BRH:0
end_of_record
TN:
SF:src\shared\lib\tests\renderWithTranslation\renderWithTranslation.tsx
FN:7,(anonymous_0)
FNF:1
FNH:1
FNDA:2,(anonymous_0)
DA:7,1
DA:8,2
LF:2
LH:2
BRF:0
BRH:0
end_of_record
TN:
SF:src\shared\ui\Button\Button.tsx
FN:14,(anonymous_0)
FNF:1
FNH:1
FNDA:9,(anonymous_0)
DA:14,1
DA:15,9
DA:17,9
LF:3
LH:3
BRDA:15,0,0,3
BRDA:19,1,0,9
BRDA:19,1,1,3
BRF:3
BRH:3
end_of_record
TN:
SF:src\shared\ui\LangSwitcher\LangSwitcher.tsx
FN:10,(anonymous_0)
FN:13,(anonymous_1)
FNF:2
FNH:1
FNDA:4,(anonymous_0)
FNDA:0,(anonymous_1)
DA:10,1
DA:11,4
DA:13,4
DA:14,0
DA:17,4
LF:5
LH:4
BRDA:14,0,0,0
BRDA:14,0,1,0
BRDA:19,1,0,4
BRDA:19,1,1,0
BRF:4
BRH:1
end_of_record
TN:
SF:src\shared\ui\ThemeSwitcher\index.ts
FNF:0
FNH:0
LF:0
LH:0
BRF:0
BRH:0
end_of_record
TN:
SF:src\shared\ui\ThemeSwitcher\ui\ThemeSwitcher.tsx
FN:13,(anonymous_0)
FNF:1
FNH:1
FNDA:3,(anonymous_0)
DA:13,1
DA:14,3
DA:16,3
LF:3
LH:3
BRDA:19,0,0,3
BRDA:19,0,1,3
BRDA:22,1,0,0
BRDA:22,1,1,3
BRF:4
BRH:3
end_of_record
TN:
SF:src\widgets\sideBar\ui\sideBar\SideBar.tsx
FN:12,(anonymous_0)
FN:14,(anonymous_1)
FN:15,(anonymous_2)
FNF:3
FNH:3
FNDA:3,(anonymous_0)
FNDA:1,(anonymous_1)
FNDA:1,(anonymous_2)
DA:12,1
DA:13,3
DA:14,3
DA:15,1
DA:18,3
LF:5
LH:5
BRDA:22,0,0,3
BRDA:22,0,1,3
BRF:2
BRH:2
end_of_record
